<?xml version="1.0" encoding="UTF-8"?>
<!-- Generated by org.testng.reporters.JUnitReportReporter -->
<testsuite skipped="0" hostname="CDWILT004" name="medRunner.runnerAdmin" tests="3" failures="0" timestamp="2022-06-13T15:08:35 SGT" time="15.306" errors="0">
  <testcase name="cManageProduct" time="10.874" classname="medRunner.runnerAdmin"/>
  <system-out/>
  <testcase name="bLogIn" time="2.017" classname="medRunner.runnerAdmin"/>
  <system-out/>
  <testcase name="fLogout" time="2.415" classname="medRunner.runnerAdmin"/>
  <system-out/>
</testsuite> <!-- medRunner.runnerAdmin -->
