<?xml version="1.0" encoding="UTF-8"?>
<!-- Generated by org.testng.reporters.JUnitReportReporter -->
<testsuite skipped="0" hostname="CDWILT004" name="medRunner.runner" tests="3" failures="0" timestamp="2022-06-13T14:53:33 SGT" time="15.096" errors="0">
  <testcase name="bLogIn" time="2.028" classname="medRunner.runner"/>
  <system-out/>
  <testcase name="cManageProduct" time="10.660" classname="medRunner.runner"/>
  <system-out/>
  <testcase name="fLogout" time="2.408" classname="medRunner.runner"/>
  <system-out/>
</testsuite> <!-- medRunner.runner -->
