<?xml version="1.0" encoding="UTF-8"?>
<!-- Generated by org.testng.reporters.JUnitReportReporter -->
<testsuite skipped="0" hostname="CDWILT004" name="medRunner.runnerUser" tests="5" failures="0" timestamp="2022-06-13T17:51:45 SGT" time="17.067" errors="0">
  <testcase name="fOrderConfirmed" time="1.621" classname="medRunner.runnerUser"/>
  <system-out/>
  <testcase name="yLogout" time="2.617" classname="medRunner.runnerUser"/>
  <system-out/>
  <testcase name="dFilterProduct" time="5.440" classname="medRunner.runnerUser"/>
  <system-out/>
  <testcase name="cLogIn" time="2.072" classname="medRunner.runnerUser"/>
  <system-out/>
  <testcase name="eCheckoutProduct" time="5.317" classname="medRunner.runnerUser"/>
  <system-out/>
</testsuite> <!-- medRunner.runnerUser -->
